  lab6.cpp
C:\Users\Florin\source\repos\lab6\lab6\lab6.cpp(19,16): error C2228: left of '.addMasina' must have class/struct/union
C:\Users\Florin\source\repos\lab6\lab6\lab6.cpp(19,16): message : type is 'int'
C:\Users\Florin\source\repos\lab6\lab6\lab6.cpp(32,20): error C2664: 'void Repo::addMasina(Masina)': cannot convert argument 1 from 'int' to 'Masina'
C:\Users\Florin\source\repos\lab6\lab6\lab6.cpp(32,20): message : No constructor could take the source type, or constructor overload resolution was ambiguous
C:\Users\Florin\source\repos\lab6\lab6\Repo.h(11,7): message : see declaration of 'Repo::addMasina'
C:\Users\Florin\source\repos\lab6\lab6\lab6.cpp(37,17): error C2660: 'Repo::getAll': function does not take 1 arguments
C:\Users\Florin\source\repos\lab6\lab6\Repo.h(12,10): message : see declaration of 'Repo::getAll'
C:\Users\Florin\source\repos\lab6\lab6\lab6.cpp(42,23): error C2660: 'Repo::updateMasina': function does not take 1 arguments
C:\Users\Florin\source\repos\lab6\lab6\Repo.h(16,7): message : see declaration of 'Repo::updateMasina'
C:\Users\Florin\source\repos\lab6\lab6\lab6.cpp(43,17): error C2660: 'Repo::getAll': function does not take 1 arguments
C:\Users\Florin\source\repos\lab6\lab6\Repo.h(12,10): message : see declaration of 'Repo::getAll'
C:\Users\Florin\source\repos\lab6\lab6\lab6.cpp(48,20): error C2664: 'void Repo::delMasina(Masina)': cannot convert argument 1 from 'int' to 'Masina'
C:\Users\Florin\source\repos\lab6\lab6\lab6.cpp(48,20): message : No constructor could take the source type, or constructor overload resolution was ambiguous
C:\Users\Florin\source\repos\lab6\lab6\Repo.h(15,7): message : see declaration of 'Repo::delMasina'
C:\Users\Florin\source\repos\lab6\lab6\lab6.cpp(49,17): error C2660: 'Repo::getAll': function does not take 1 arguments
C:\Users\Florin\source\repos\lab6\lab6\Repo.h(12,10): message : see declaration of 'Repo::getAll'
  Masina.cpp
C:\Users\Florin\source\repos\lab6\lab6\Masina.cpp(1,10): fatal error C1083: Cannot open include file: 'Project.h': No such file or directory
  Tests.cpp
C:\Users\Florin\source\repos\lab6\lab6\Tests.cpp(17,1): fatal error C1057: unexpected end of file in macro expansion
  Generating Code...
